2018-08-17 00:32:11,906  INFO [org.apache.hadoop.conf.Configuration.deprecation] - session.id is deprecated. Instead, use dfs.metrics.session-id
2018-08-17 00:32:11,906  INFO [org.apache.hadoop.metrics.jvm.JvmMetrics] - Initializing JVM Metrics with processName=JobTracker, sessionId=
2018-08-17 00:32:12,015  WARN [org.apache.hadoop.mapred.JobClient] - Use GenericOptionsParser for parsing the arguments. Applications should implement Tool for the same.
2018-08-17 00:32:12,062  WARN [org.apache.hadoop.mapred.JobClient] - No job jar file set.  User classes may not be found. See JobConf(Class) or JobConf#setJar(String).
2018-08-17 00:32:12,062  INFO [org.apache.hadoop.mapred.JobClient] - Cleaning up the staging area file:/tmp/hadoop-Administrator/mapred/staging/hadoop1269547057/.staging/job_local1269547057_0001
2018-08-17 00:32:12,062  WARN [org.apache.hadoop.security.UserGroupInformation] - PriviledgedActionException as:hadoop (auth:SIMPLE) cause:org.apache.hadoop.mapred.FileAlreadyExistsException: Output directory E:/test/out/004 already exists
2018-08-17 00:32:41,052  INFO [org.apache.hadoop.conf.Configuration.deprecation] - session.id is deprecated. Instead, use dfs.metrics.session-id
2018-08-17 00:32:41,052  INFO [org.apache.hadoop.metrics.jvm.JvmMetrics] - Initializing JVM Metrics with processName=JobTracker, sessionId=
2018-08-17 00:32:41,161  WARN [org.apache.hadoop.mapred.JobClient] - Use GenericOptionsParser for parsing the arguments. Applications should implement Tool for the same.
2018-08-17 00:32:41,223  WARN [org.apache.hadoop.mapred.JobClient] - No job jar file set.  User classes may not be found. See JobConf(Class) or JobConf#setJar(String).
2018-08-17 00:32:41,223  INFO [org.apache.hadoop.mapreduce.lib.input.FileInputFormat] - Total input paths to process : 1
2018-08-17 00:32:42,986  INFO [org.apache.hadoop.mapred.JobClient] - Running job: job_local1493738988_0001
2018-08-17 00:32:42,986  INFO [org.apache.hadoop.mapred.LocalJobRunner] - OutputCommitter set in config null
2018-08-17 00:32:43,002  INFO [org.apache.hadoop.mapred.LocalJobRunner] - OutputCommitter is org.apache.hadoop.mapreduce.lib.output.FileOutputCommitter
2018-08-17 00:32:43,049  INFO [org.apache.hadoop.mapred.LocalJobRunner] - Waiting for map tasks
2018-08-17 00:32:43,049  INFO [org.apache.hadoop.mapred.LocalJobRunner] - Starting task: attempt_local1493738988_0001_m_000000_0
2018-08-17 00:32:43,095  WARN [mapreduce.Counters] - Group org.apache.hadoop.mapred.Task$Counter is deprecated. Use org.apache.hadoop.mapreduce.TaskCounter instead
2018-08-17 00:32:43,142  INFO [org.apache.hadoop.mapred.Task] -  Using ResourceCalculatorPlugin : null
2018-08-17 00:32:43,158  INFO [org.apache.hadoop.mapred.MapTask] - Processing split: file:/E:/test/testdata/access.log:0+4718
2018-08-17 00:32:43,173  INFO [org.apache.hadoop.mapred.MapTask] - Map output collector class = org.apache.hadoop.mapred.MapTask$MapOutputBuffer
2018-08-17 00:32:43,173  INFO [org.apache.hadoop.mapred.MapTask] - io.sort.mb = 100
2018-08-17 00:32:43,283  INFO [org.apache.hadoop.mapred.MapTask] - data buffer = 79691776/99614720
2018-08-17 00:32:43,283  INFO [org.apache.hadoop.mapred.MapTask] - record buffer = 262144/327680
2018-08-17 00:32:43,329  INFO [org.apache.hadoop.mapred.LocalJobRunner] - 
2018-08-17 00:32:43,329  INFO [org.apache.hadoop.mapred.MapTask] - Starting flush of map output
2018-08-17 00:32:43,439  INFO [org.apache.hadoop.mapred.MapTask] - Finished spill 0
2018-08-17 00:32:43,470  INFO [org.apache.hadoop.mapred.Task] - Task:attempt_local1493738988_0001_m_000000_0 is done. And is in the process of commiting
2018-08-17 00:32:43,485  INFO [org.apache.hadoop.mapred.LocalJobRunner] - 
2018-08-17 00:32:43,485  INFO [org.apache.hadoop.mapred.Task] - Task 'attempt_local1493738988_0001_m_000000_0' done.
2018-08-17 00:32:43,485  INFO [org.apache.hadoop.mapred.LocalJobRunner] - Finishing task: attempt_local1493738988_0001_m_000000_0
2018-08-17 00:32:43,485  INFO [org.apache.hadoop.mapred.LocalJobRunner] - Map task executor complete.
2018-08-17 00:32:43,517  WARN [mapreduce.Counters] - Group org.apache.hadoop.mapred.Task$Counter is deprecated. Use org.apache.hadoop.mapreduce.TaskCounter instead
2018-08-17 00:32:43,532  INFO [org.apache.hadoop.mapred.Task] -  Using ResourceCalculatorPlugin : null
2018-08-17 00:32:43,532  INFO [org.apache.hadoop.mapred.LocalJobRunner] - 
2018-08-17 00:32:43,548  INFO [org.apache.hadoop.mapred.Merger] - Merging 1 sorted segments
2018-08-17 00:32:43,579  INFO [org.apache.hadoop.mapred.Merger] - Down to the last merge-pass, with 1 segments left of total size: 6218 bytes
2018-08-17 00:32:43,579  INFO [org.apache.hadoop.mapred.LocalJobRunner] - 
2018-08-17 00:32:43,969  INFO [org.apache.hadoop.mapred.Task] - Task:attempt_local1493738988_0001_r_000000_0 is done. And is in the process of commiting
2018-08-17 00:32:43,985  INFO [org.apache.hadoop.mapred.LocalJobRunner] - 
2018-08-17 00:32:43,985  INFO [org.apache.hadoop.mapred.Task] - Task attempt_local1493738988_0001_r_000000_0 is allowed to commit now
2018-08-17 00:32:44,000  INFO [org.apache.hadoop.mapred.JobClient] -  map 100% reduce 0%
2018-08-17 00:32:44,000  INFO [org.apache.hadoop.mapreduce.lib.output.FileOutputCommitter] - Saved output of task 'attempt_local1493738988_0001_r_000000_0' to E:/test/out/004
2018-08-17 00:32:44,000  INFO [org.apache.hadoop.mapred.LocalJobRunner] - reduce > reduce
2018-08-17 00:32:44,000  INFO [org.apache.hadoop.mapred.Task] - Task 'attempt_local1493738988_0001_r_000000_0' done.
2018-08-17 00:32:45,014  INFO [org.apache.hadoop.mapred.JobClient] -  map 100% reduce 100%
2018-08-17 00:32:45,014  INFO [org.apache.hadoop.mapred.JobClient] - Job complete: job_local1493738988_0001
2018-08-17 00:32:45,030  INFO [org.apache.hadoop.mapred.JobClient] - Counters: 17
2018-08-17 00:32:45,030  INFO [org.apache.hadoop.mapred.JobClient] -   File System Counters
2018-08-17 00:32:45,030  INFO [org.apache.hadoop.mapred.JobClient] -     FILE: Number of bytes read=15966
2018-08-17 00:32:45,030  INFO [org.apache.hadoop.mapred.JobClient] -     FILE: Number of bytes written=351196
2018-08-17 00:32:45,030  INFO [org.apache.hadoop.mapred.JobClient] -     FILE: Number of read operations=0
2018-08-17 00:32:45,030  INFO [org.apache.hadoop.mapred.JobClient] -     FILE: Number of large read operations=0
2018-08-17 00:32:45,030  INFO [org.apache.hadoop.mapred.JobClient] -     FILE: Number of write operations=0
2018-08-17 00:32:45,030  INFO [org.apache.hadoop.mapred.JobClient] -   Map-Reduce Framework
2018-08-17 00:32:45,030  INFO [org.apache.hadoop.mapred.JobClient] -     Map input records=46
2018-08-17 00:32:45,030  INFO [org.apache.hadoop.mapred.JobClient] -     Map output records=46
2018-08-17 00:32:45,030  INFO [org.apache.hadoop.mapred.JobClient] -     Map output bytes=6092
2018-08-17 00:32:45,030  INFO [org.apache.hadoop.mapred.JobClient] -     Input split bytes=98
2018-08-17 00:32:45,045  INFO [org.apache.hadoop.mapred.JobClient] -     Combine input records=0
2018-08-17 00:32:45,045  INFO [org.apache.hadoop.mapred.JobClient] -     Combine output records=0
2018-08-17 00:32:45,045  INFO [org.apache.hadoop.mapred.JobClient] -     Reduce input groups=46
2018-08-17 00:32:45,045  INFO [org.apache.hadoop.mapred.JobClient] -     Reduce shuffle bytes=0
2018-08-17 00:32:45,045  INFO [org.apache.hadoop.mapred.JobClient] -     Reduce input records=46
2018-08-17 00:32:45,045  INFO [org.apache.hadoop.mapred.JobClient] -     Reduce output records=46
2018-08-17 00:32:45,045  INFO [org.apache.hadoop.mapred.JobClient] -     Spilled Records=92
2018-08-17 00:32:45,045  INFO [org.apache.hadoop.mapred.JobClient] -     Total committed heap usage (bytes)=458227712
